<?xml version="1.0" encoding="UTF-8"?>
<testng-results skipped="0" failed="1" total="1" passed="0">
  <reporter-output>
  </reporter-output>
  <suite name="Default suite" duration-ms="27411" started-at="2016-03-24T15:32:10Z" finished-at="2016-03-24T15:32:37Z">
    <groups>
    </groups>
    <test name="Default test" duration-ms="27411" started-at="2016-03-24T15:32:10Z" finished-at="2016-03-24T15:32:37Z">
      <class name="ru.greg3d.loginTest">
        <test-method status="PASS" signature="SuiteSetup()[pri:0, instance:ru.greg3d.loginTest@293a5bf6]" name="SuiteSetup" is-config="true" duration-ms="4707" started-at="2016-03-24T18:32:10Z" finished-at="2016-03-24T18:32:14Z">
          <reporter-output>
          </reporter-output>
        </test-method> <!-- SuiteSetup -->
        <test-method status="PASS" signature="DoLogin()[pri:0, instance:ru.greg3d.loginTest@293a5bf6]" name="DoLogin" is-config="true" duration-ms="3885" started-at="2016-03-24T18:32:14Z" finished-at="2016-03-24T18:32:18Z">
          <reporter-output>
          </reporter-output>
        </test-method> <!-- DoLogin -->
        <test-method status="FAIL" signature="loginTest()[pri:0, instance:ru.greg3d.loginTest@293a5bf6]" name="loginTest" duration-ms="17660" started-at="2016-03-24T18:32:18Z" finished-at="2016-03-24T18:32:36Z">
          <exception class="java.lang.ClassCastException">
            <message>
              <![CDATA[com.sun.proxy.$Proxy12 cannot be cast to org.openqa.selenium.JavascriptExecutor]]>
            </message>
            <full-stacktrace>
              <![CDATA[java.lang.ClassCastException: com.sun.proxy.$Proxy12 cannot be cast to org.openqa.selenium.JavascriptExecutor
	at ru.yandex.qatools.htmlelements.element.SpecCheckBox.cheatClick(SpecCheckBox.java:87)
	at ru.yandex.qatools.htmlelements.element.SpecCheckBox.cheatDeselect(SpecCheckBox.java:83)
	at ru.greg3d.factory.elements.html.FiltersByStatesContainer.deselectActive(FiltersByStatesContainer.java:38)
	at ru.greg3d.applogic.implementations.AllDocumentsPageHelper.testPager(AllDocumentsPageHelper.java:70)
	at ru.greg3d.loginTest.loginTest(loginTest.java:22)
	at sun.reflect.NativeMethodAccessorImpl.invoke0(Native Method)
	at sun.reflect.NativeMethodAccessorImpl.invoke(NativeMethodAccessorImpl.java:62)
	at sun.reflect.DelegatingMethodAccessorImpl.invoke(DelegatingMethodAccessorImpl.java:43)
	at java.lang.reflect.Method.invoke(Method.java:497)
	at org.testng.internal.MethodInvocationHelper.invokeMethod(MethodInvocationHelper.java:86)
	at org.testng.internal.Invoker.invokeMethod(Invoker.java:643)
	at org.testng.internal.Invoker.invokeTestMethod(Invoker.java:820)
	at org.testng.internal.Invoker.invokeTestMethods(Invoker.java:1128)
	at org.testng.internal.TestMethodWorker.invokeTestMethods(TestMethodWorker.java:129)
	at org.testng.internal.TestMethodWorker.run(TestMethodWorker.java:112)
	at org.testng.TestRunner.privateRun(TestRunner.java:782)
	at org.testng.TestRunner.run(TestRunner.java:632)
	at org.testng.SuiteRunner.runTest(SuiteRunner.java:366)
	at org.testng.SuiteRunner.runSequentially(SuiteRunner.java:361)
	at org.testng.SuiteRunner.privateRun(SuiteRunner.java:319)
	at org.testng.SuiteRunner.run(SuiteRunner.java:268)
	at org.testng.SuiteRunnerWorker.runSuite(SuiteRunnerWorker.java:52)
	at org.testng.SuiteRunnerWorker.run(SuiteRunnerWorker.java:86)
	at org.testng.TestNG.runSuitesSequentially(TestNG.java:1244)
	at org.testng.TestNG.runSuitesLocally(TestNG.java:1169)
	at org.testng.TestNG.run(TestNG.java:1064)
	at org.testng.remote.RemoteTestNG.run(RemoteTestNG.java:113)
	at org.testng.remote.RemoteTestNG.initAndRun(RemoteTestNG.java:206)
	at org.testng.remote.RemoteTestNG.main(RemoteTestNG.java:177)
]]>
            </full-stacktrace>
          </exception> <!-- java.lang.ClassCastException -->
          <reporter-output>
          </reporter-output>
        </test-method> <!-- loginTest -->
        <test-method status="PASS" signature="tearDown()[pri:0, instance:ru.greg3d.loginTest@293a5bf6]" name="tearDown" is-config="true" duration-ms="1131" started-at="2016-03-24T18:32:36Z" finished-at="2016-03-24T18:32:37Z">
          <reporter-output>
          </reporter-output>
        </test-method> <!-- tearDown -->
      </class> <!-- ru.greg3d.loginTest -->
    </test> <!-- Default test -->
  </suite> <!-- Default suite -->
</testng-results>
